<?xml version="1.0" encoding="UTF-8"?>
<!-- Generated by org.testng.reporters.JUnitReportReporter -->
<testsuite skipped="0" hostname="MSalman" name="unified.automation.Test.ComputerApplicationCreationAndDeletionTest" tests="1" failures="0" timestamp="09 Aug 2019 12:10:21 GMT" time="0.002" errors="0">
  <testcase name="addNewAndDeleteComputer" time="0.002" classname="unified.automation.Test.ComputerApplicationCreationAndDeletionTest"/>
</testsuite> <!-- unified.automation.Test.ComputerApplicationCreationAndDeletionTest -->
