<?xml version="1.0" encoding="UTF-8"?>
<!-- Generated by org.testng.reporters.JUnitReportReporter -->
<testsuite skipped="0" hostname="MSalman" name="unified.automation.Test.ComputerApplicationCreationAndUpdationTest" tests="1" failures="0" timestamp="09 Aug 2019 12:10:21 GMT" time="0.045" errors="0">
  <testcase name="addNewAndUpdateComputer" time="0.045" classname="unified.automation.Test.ComputerApplicationCreationAndUpdationTest"/>
</testsuite> <!-- unified.automation.Test.ComputerApplicationCreationAndUpdationTest -->
